<?xml version="1.0" encoding="UTF-8"?>
<!-- Generated by org.testng.reporters.JUnitReportReporter -->
<testsuite hostname="Puneet" failures="0" tests="10" name="datadriven.NewTest" time="65.117" errors="0" timestamp="2025-07-31T17:39:21 EDT" skipped="0">
  <testcase classname="datadriven.NewTest" name="addressbookTest" time="6.336"/>
  <system-out/>
  <testcase classname="datadriven.NewTest" name="addressbookTest" time="6.524"/>
  <system-out/>
  <testcase classname="datadriven.NewTest" name="addressbookTest" time="6.678"/>
  <system-out/>
  <testcase classname="datadriven.NewTest" name="addressbookTest" time="6.179"/>
  <system-out/>
  <testcase classname="datadriven.NewTest" name="addressbookTest" time="6.365"/>
  <system-out/>
  <testcase classname="datadriven.NewTest" name="addressbookTest" time="6.418"/>
  <system-out/>
  <testcase classname="datadriven.NewTest" name="addressbookTest" time="6.678"/>
  <system-out/>
  <testcase classname="datadriven.NewTest" name="addressbookTest" time="6.603"/>
  <system-out/>
  <testcase classname="datadriven.NewTest" name="addressbookTest" time="5.646"/>
  <system-out/>
  <testcase classname="datadriven.NewTest" name="addressbookTest" time="7.690"/>
  <system-out/>
</testsuite> <!-- datadriven.NewTest -->
