<?xml version="1.0" encoding="UTF-8"?>
<!-- Generated by org.testng.reporters.JUnitReportReporter -->
<testsuite hostname="Puneet" failures="0" tests="10" name="datadriven.NewTest" time="60.996" errors="0" timestamp="2025-07-31T21:01:44 EDT" skipped="0">
  <testcase classname="datadriven.NewTest" name="addressbookTest" time="5.860"/>
  <system-out/>
  <testcase classname="datadriven.NewTest" name="addressbookTest" time="5.099"/>
  <system-out/>
  <testcase classname="datadriven.NewTest" name="addressbookTest" time="6.251"/>
  <system-out/>
  <testcase classname="datadriven.NewTest" name="addressbookTest" time="5.814"/>
  <system-out/>
  <testcase classname="datadriven.NewTest" name="addressbookTest" time="5.396"/>
  <system-out/>
  <testcase classname="datadriven.NewTest" name="addressbookTest" time="7.588"/>
  <system-out/>
  <testcase classname="datadriven.NewTest" name="addressbookTest" time="6.196"/>
  <system-out/>
  <testcase classname="datadriven.NewTest" name="addressbookTest" time="6.258"/>
  <system-out/>
  <testcase classname="datadriven.NewTest" name="addressbookTest" time="6.238"/>
  <system-out/>
  <testcase classname="datadriven.NewTest" name="addressbookTest" time="6.296"/>
  <system-out/>
</testsuite> <!-- datadriven.NewTest -->
